<?xml version="1.0" encoding="UTF-8"?>
<!-- Generated by org.testng.reporters.JUnitReportReporter -->
<testsuite hostname="LAPTOP-R9JVEH7S" failures="0" tests="1" name="TakingScreenshot" time="2.727" errors="0" timestamp="2022-04-14T10:16:01 IST" skipped="0">
  <testcase classname="TakingScreenshot" name="ssc" time="2.727"/>
  <system-out/>
</testsuite> <!-- TakingScreenshot -->
