<?xml version="1.0" encoding="UTF-8"?>
<!-- Generated by org.testng.reporters.JUnitReportReporter -->
<testsuite hostname="LAPTOP-R9JVEH7S" failures="0" tests="1" name="FlipkartProduct" time="17.780" errors="0" timestamp="2022-05-04T21:27:04 IST" skipped="0">
  <testcase classname="FlipkartProduct" name="flipkartProduct" time="17.780"/>
  <system-out/>
</testsuite> <!-- FlipkartProduct -->
