<?xml version="1.0" encoding="UTF-8"?>
<!-- Generated by org.testng.reporters.JUnitReportReporter -->
<testsuite hostname="LAPTOP-R9JVEH7S" failures="0" tests="1" name="LoginTest" time="5.245" errors="0" timestamp="2022-03-01T22:32:33 IST" skipped="0">
  <testcase classname="LoginTest" name="loginTest" time="5.245"/>
  <system-out/>
</testsuite> <!-- LoginTest -->
