<?xml version="1.0" encoding="UTF-8"?>
<!-- Generated by org.testng.reporters.JUnitReportReporter -->
<testsuite hostname="LAPTOP-R9JVEH7S" failures="0" tests="1" name="InitializingDriver" time="15.541" errors="0" timestamp="2022-05-04T16:16:59 IST" skipped="0">
  <testcase classname="InitializingDriver" name="initializeDriver" time="15.541"/>
  <system-out/>
</testsuite> <!-- InitializingDriver -->
